<?xml version="1.0" encoding="UTF-8" ?>
<testsuite tests="3" failures="2" name="hu.elte.haladojava.util.BioStatUtilTest" time="0.018" errors="0" skipped="0">
  <properties>
[...]
</properties>
  <testcase classname="hu.elte.haladojava.util.BioStatUtilTest" name="hu.elte.haladojava.util.BioStatUtilTest.testCountOlderThan_100" time="0.003"/>
  <testcase classname="hu.elte.haladojava.util.BioStatUtilTest" name="hu.elte.haladojava.util.BioStatUtilTest.testCountOlderThan_40" time="0.014">
    <failure message="expected: &lt;4&gt; but was: &lt;0&gt;" type="org.opentest4j.AssertionFailedError">org.opentest4j.AssertionFailedError: expected: &lt;4&gt; but was: &lt;0&gt;
	at org.junit.jupiter.api.AssertionUtils.fail(AssertionUtils.java:55)
	at org.junit.jupiter.api.AssertionUtils.failNotEqual(AssertionUtils.java:62)
	at org.junit.jupiter.api.AssertEquals.assertEquals(AssertEquals.java:150)
	at org.junit.jupiter.api.AssertEquals.assertEquals(AssertEquals.java:145)
	at org.junit.jupiter.api.Assertions.assertEquals(Assertions.java:510)
	at hu.elte.haladojava.util.BioStatUtilTest.testCountOlderThan_40(BioStatUtilTest.java:21)
</failure>
  </testcase>
  <testcase classname="hu.elte.haladojava.util.BioStatUtilTest" name="hu.elte.haladojava.util.BioStatUtilTest.testAverageHeight_female" time="0.001">
    <failure message="expected: &lt;65.57&gt; but was: &lt;0.0&gt;" type="org.opentest4j.AssertionFailedError">org.opentest4j.AssertionFailedError: expected: &lt;65.57&gt; but was: &lt;0.0&gt;
	at org.junit.jupiter.api.AssertionUtils.fail(AssertionUtils.java:55)
	at org.junit.jupiter.api.AssertionUtils.failNotEqual(AssertionUtils.java:62)
	at org.junit.jupiter.api.AssertEquals.assertEquals(AssertEquals.java:86)
	at org.junit.jupiter.api.AssertEquals.assertEquals(AssertEquals.java:81)
	at org.junit.jupiter.api.Assertions.assertEquals(Assertions.java:993)
	at hu.elte.haladojava.util.BioStatUtilTest.testAverageHeight_female(BioStatUtilTest.java:43)
</failure>
  </testcase>
</testsuite>